{
  "RSpec": {
    "coverage": {
      "/home/pnc/sites/moja_strona/spec/features/deleting_post_spec.rb": [
        1,
        null,
        1,
        1,
        1,
        1,
        null,
        1,
        1,
        null,
        null,
        1,
        1,
        null,
        null
      ],
      "/home/pnc/sites/moja_strona/spec/features/landing_page_spec.rb": [
        1,
        null,
        1,
        1,
        2,
        null,
        null,
        1,
        1,
        null,
        1,
        null,
        null,
        1,
        1,
        1,
        1,
        1,
        1,
        null,
        null,
        null
      ],
      "/home/pnc/sites/moja_strona/spec/features/updating_post_spec.rb": [
        1,
        null,
        1,
        1,
        1,
        null,
        1,
        1,
        1,
        null,
        null,
        1,
        null,
        1,
        1,
        null,
        1,
        null,
        1,
        null,
        null,
        1,
        1,
        1,
        1,
        1,
        null,
        null,
        1,
        null,
        1,
        1,
        null,
        1,
        null,
        1,
        1,
        1,
        null,
        null
      ],
      "/home/pnc/sites/moja_strona/spec/features/viewing_post_spec.rb": [
        1,
        null,
        1,
        1,
        1,
        null,
        1,
        1,
        1,
        null,
        null,
        1,
        null,
        null
      ],
      "/home/pnc/sites/moja_strona/app/models/post.rb": [
        1,
        1,
        1,
        null,
        null
      ],
      "/home/pnc/sites/moja_strona/app/controllers/homes_controller.rb": [
        1,
        null,
        1,
        9,
        null,
        null
      ],
      "/home/pnc/sites/moja_strona/app/controllers/application_controller.rb": [
        1,
        null,
        null,
        1,
        null
      ],
      "/home/pnc/sites/moja_strona/app/controllers/posts_controller.rb": [
        1,
        1,
        null,
        null,
        null,
        1,
        0,
        null,
        null,
        null,
        null,
        1,
        null,
        null,
        null,
        1,
        2,
        null,
        null,
        null,
        1,
        null,
        null,
        null,
        null,
        1,
        2,
        null,
        2,
        1,
        1,
        null,
        1,
        null,
        null,
        null,
        null,
        null,
        1,
        2,
        1,
        1,
        null,
        1,
        null,
        null,
        null,
        null,
        null,
        1,
        1,
        1,
        1,
        null,
        null,
        1,
        null,
        1,
        8,
        null,
        null,
        null,
        1,
        4,
        null,
        null
      ]
    },
    "timestamp": 1408114097
  }
}
